{
  "RSpec": {
    "coverage": {
      "/Users/joshuatatterton/Projects/MakersAcademy/airport_challenge/spec/airport_spec.rb": [
        1,
        null,
        1,
        null,
        7,
        null,
        32,
        1,
        1,
        1,
        null,
        null,
        1,
        1,
        1,
        null,
        null,
        1,
        1,
        1,
        1,
        null,
        null,
        null,
        1,
        1,
        1,
        null,
        null,
        1,
        1,
        1,
        1,
        null,
        null,
        1,
        1,
        1,
        1,
        1,
        null,
        null,
        1,
        2,
        null,
        null,
        null,
        null,
        1,
        1,
        1,
        11,
        2,
        null,
        null,
        null,
        1,
        1,
        1,
        2,
        2,
        null,
        null,
        1,
        2,
        2,
        null,
        null,
        null,
        1,
        1,
        1,
        null,
        1,
        1,
        1,
        null,
        1,
        1,
        1,
        null,
        null,
        null
      ],
      "/Users/joshuatatterton/Projects/MakersAcademy/airport_challenge/lib/airport.rb": [
        1,
        1,
        null,
        1,
        null,
        1,
        null,
        1,
        null,
        1,
        14,
        14,
        14,
        null,
        null,
        1,
        1,
        null,
        1,
        17,
        16,
        15,
        15,
        null,
        null,
        1,
        4,
        3,
        2,
        2,
        2,
        null,
        null,
        1,
        null,
        1,
        16,
        null,
        null,
        null
      ],
      "/Users/joshuatatterton/Projects/MakersAcademy/airport_challenge/lib/plane.rb": [
        1,
        null,
        1,
        5,
        null,
        null,
        1,
        null,
        1,
        2,
        null,
        null,
        1,
        1,
        null,
        null,
        1,
        2,
        null,
        null,
        1,
        1,
        null,
        null,
        null
      ],
      "/Users/joshuatatterton/Projects/MakersAcademy/airport_challenge/lib/weather.rb": [
        1,
        null,
        1,
        14,
        null,
        null,
        null
      ],
      "/Users/joshuatatterton/Projects/MakersAcademy/airport_challenge/spec/plane_spec.rb": [
        1,
        null,
        1,
        null,
        1,
        1,
        null,
        null,
        1,
        1,
        null,
        null,
        1,
        1,
        1,
        null,
        null,
        1,
        1,
        null,
        null,
        1,
        1,
        1,
        1,
        null,
        null,
        null
      ]
    },
    "timestamp": 1442496975
  }
}
